Started GET "/" for ::1 at 2020-02-22 14:16:08 +0900
  [1m[35m (8.1ms)[0m  [1m[34mSELECT sqlite_version(*)[0m
Processing by CafesController#index as HTML
  Rendering cafes/index.html.erb within layouts/application
  Rendered cafes/index.html.erb within layouts/application (Duration: 5.9ms | Allocations: 376)
[Webpacker] Compiling...
[Webpacker] Compiled all packs in /Users/eharahideki/Desktop/recocafe/public/packs
[Webpacker] Hash: 32e57f147dbdcbbf0c82
Version: webpack 4.41.6
Time: 4133ms
Built at: 2020/02/22 14:16:18
                                     Asset       Size       Chunks                         Chunk Names
    js/application-bbe9c4a129ab949e0636.js    124 KiB  application  [emitted] [immutable]  application
js/application-bbe9c4a129ab949e0636.js.map    139 KiB  application  [emitted] [dev]        application
                             manifest.json  364 bytes               [emitted]              
Entrypoint application = js/application-bbe9c4a129ab949e0636.js js/application-bbe9c4a129ab949e0636.js.map
[./app/javascript/channels sync recursive _channel\.js$] ./app/javascript/channels sync _channel\.js$ 160 bytes {application} [built]
[./app/javascript/channels/index.js] 211 bytes {application} [built]
[./app/javascript/packs/application.js] 749 bytes {application} [built]
[./node_modules/webpack/buildin/module.js] (webpack)/buildin/module.js 552 bytes {application} [built]
    + 3 hidden modules

Completed 200 OK in 10287ms (Views: 10271.6ms | ActiveRecord: 0.0ms | Allocations: 1440345)


  [1m[35m (2.1ms)[0m  [1m[34mSELECT sqlite_version(*)[0m
  [1m[35m (2.3ms)[0m  [1m[35mCREATE TABLE "schema_migrations" ("version" varchar NOT NULL PRIMARY KEY)[0m
  [1m[35m (2.6ms)[0m  [1m[35mCREATE TABLE "ar_internal_metadata" ("key" varchar NOT NULL PRIMARY KEY, "value" varchar, "created_at" datetime(6) NOT NULL, "updated_at" datetime(6) NOT NULL)[0m
  [1m[35m (0.2ms)[0m  [1m[34mSELECT "schema_migrations"."version" FROM "schema_migrations" ORDER BY "schema_migrations"."version" ASC[0m
Migrating to CreateCaves (20200222051900)
  [1m[35m (0.1ms)[0m  [1m[36mbegin transaction[0m
  [1m[35m (0.5ms)[0m  [1m[35mCREATE TABLE "caves" ("id" integer PRIMARY KEY AUTOINCREMENT NOT NULL, "body" text, "created_at" datetime(6) NOT NULL, "updated_at" datetime(6) NOT NULL)[0m
  [1m[36mprimary::SchemaMigration Create (0.4ms)[0m  [1m[32mINSERT INTO "schema_migrations" ("version") VALUES (?)[0m  [["version", "20200222051900"]]
  [1m[35m (2.2ms)[0m  [1m[36mcommit transaction[0m
  [1m[36mActiveRecord::InternalMetadata Load (0.3ms)[0m  [1m[34mSELECT "ar_internal_metadata".* FROM "ar_internal_metadata" WHERE "ar_internal_metadata"."key" = ? LIMIT ?[0m  [["key", "environment"], ["LIMIT", 1]]
  [1m[35m (0.1ms)[0m  [1m[36mbegin transaction[0m
  [1m[36mActiveRecord::InternalMetadata Create (0.7ms)[0m  [1m[32mINSERT INTO "ar_internal_metadata" ("key", "value", "created_at", "updated_at") VALUES (?, ?, ?, ?)[0m  [["key", "environment"], ["value", "development"], ["created_at", "2020-02-22 05:28:43.480415"], ["updated_at", "2020-02-22 05:28:43.480415"]]
  [1m[35m (2.1ms)[0m  [1m[36mcommit transaction[0m
  [1m[35m (0.1ms)[0m  [1m[34mSELECT sqlite_version(*)[0m
  [1m[35m (0.6ms)[0m  [1m[34mSELECT "schema_migrations"."version" FROM "schema_migrations" ORDER BY "schema_migrations"."version" ASC[0m
Started GET "/index" for ::1 at 2020-02-22 14:56:53 +0900
  [1m[35m (0.3ms)[0m  [1m[34mSELECT sqlite_version(*)[0m
  [1m[35m (1.6ms)[0m  [1m[34mSELECT "schema_migrations"."version" FROM "schema_migrations" ORDER BY "schema_migrations"."version" ASC[0m
  
ActionController::RoutingError (No route matches [GET] "/index"):
  
actionpack (6.0.2.1) lib/action_dispatch/middleware/debug_exceptions.rb:36:in `call'
web-console (4.0.1) lib/web_console/middleware.rb:132:in `call_app'
web-console (4.0.1) lib/web_console/middleware.rb:28:in `block in call'
web-console (4.0.1) lib/web_console/middleware.rb:17:in `catch'
web-console (4.0.1) lib/web_console/middleware.rb:17:in `call'
actionpack (6.0.2.1) lib/action_dispatch/middleware/show_exceptions.rb:33:in `call'
railties (6.0.2.1) lib/rails/rack/logger.rb:38:in `call_app'
railties (6.0.2.1) lib/rails/rack/logger.rb:26:in `block in call'
activesupport (6.0.2.1) lib/active_support/tagged_logging.rb:80:in `block in tagged'
activesupport (6.0.2.1) lib/active_support/tagged_logging.rb:28:in `tagged'
activesupport (6.0.2.1) lib/active_support/tagged_logging.rb:80:in `tagged'
railties (6.0.2.1) lib/rails/rack/logger.rb:26:in `call'
sprockets-rails (3.2.1) lib/sprockets/rails/quiet_assets.rb:13:in `call'
actionpack (6.0.2.1) lib/action_dispatch/middleware/remote_ip.rb:81:in `call'
actionpack (6.0.2.1) lib/action_dispatch/middleware/request_id.rb:27:in `call'
rack (2.2.2) lib/rack/method_override.rb:24:in `call'
rack (2.2.2) lib/rack/runtime.rb:22:in `call'
activesupport (6.0.2.1) lib/active_support/cache/strategy/local_cache_middleware.rb:29:in `call'
actionpack (6.0.2.1) lib/action_dispatch/middleware/executor.rb:14:in `call'
actionpack (6.0.2.1) lib/action_dispatch/middleware/static.rb:126:in `call'
rack (2.2.2) lib/rack/sendfile.rb:110:in `call'
actionpack (6.0.2.1) lib/action_dispatch/middleware/host_authorization.rb:83:in `call'
webpacker (4.2.2) lib/webpacker/dev_server_proxy.rb:23:in `perform_request'
rack-proxy (0.6.5) lib/rack/proxy.rb:57:in `call'
railties (6.0.2.1) lib/rails/engine.rb:526:in `call'
puma (3.12.2) lib/puma/configuration.rb:227:in `call'
puma (3.12.2) lib/puma/server.rb:674:in `handle_request'
puma (3.12.2) lib/puma/server.rb:476:in `process_client'
puma (3.12.2) lib/puma/server.rb:334:in `block in run'
puma (3.12.2) lib/puma/thread_pool.rb:135:in `block in spawn_thread'
Started GET "/" for ::1 at 2020-02-22 14:57:00 +0900
Processing by CafesController#index as HTML
  Rendering cafes/index.html.erb within layouts/application
  Rendered cafes/index.html.erb within layouts/application (Duration: 1.4ms | Allocations: 1027)
Completed 500 Internal Server Error in 10ms (ActiveRecord: 0.0ms | Allocations: 2342)


  
ActionView::Template::Error (First argument in form cannot contain nil or be empty):
    1: <%= form_for @tweet do |f| %>
    2:   <%= f.label :body %>
    3:   <%= f.text_field :body , :size => 140 %>
    4:   <br>
  
app/views/cafes/index.html.erb:1
Started GET "/" for ::1 at 2020-02-22 14:57:25 +0900
Processing by CafesController#index as HTML
  Rendering cafes/index.html.erb within layouts/application
  Rendered cafes/index.html.erb within layouts/application (Duration: 0.8ms | Allocations: 1024)
Completed 500 Internal Server Error in 4ms (ActiveRecord: 0.0ms | Allocations: 2323)


  
ActionView::Template::Error (First argument in form cannot contain nil or be empty):
    1: <%= form_for @cafe do |f| %>
    2:   <%= f.label :body %>
    3:   <%= f.text_field :body , :size => 140 %>
    4:   <br>
  
app/views/cafes/index.html.erb:1
Started GET "/" for ::1 at 2020-02-22 14:58:08 +0900
  [1m[35m (0.1ms)[0m  [1m[34mSELECT sqlite_version(*)[0m
Processing by CafesController#index as HTML
  Rendering cafes/index.html.erb within layouts/application
  Rendered cafes/index.html.erb within layouts/application (Duration: 0.4ms | Allocations: 827)
Completed 500 Internal Server Error in 2ms (ActiveRecord: 0.0ms | Allocations: 1538)


  
ActionView::Template::Error (First argument in form cannot contain nil or be empty):
    1: <%= form_for @cafe do |f| %>
    2:   <%= f.label :body %>
    3:   <%= f.text_field :body , :size => 140 %>
    4:   <br>
  
app/views/cafes/index.html.erb:1
Started GET "/" for ::1 at 2020-02-22 14:58:09 +0900
Processing by CafesController#index as HTML
  Rendering cafes/index.html.erb within layouts/application
  Rendered cafes/index.html.erb within layouts/application (Duration: 0.6ms | Allocations: 867)
Completed 500 Internal Server Error in 2ms (ActiveRecord: 0.0ms | Allocations: 1423)


  
ActionView::Template::Error (First argument in form cannot contain nil or be empty):
    1: <%= form_for @cafe do |f| %>
    2:   <%= f.label :body %>
    3:   <%= f.text_field :body , :size => 140 %>
    4:   <br>
  
app/views/cafes/index.html.erb:1
Started GET "/" for ::1 at 2020-02-22 14:59:18 +0900
  [1m[35m (0.3ms)[0m  [1m[34mSELECT sqlite_version(*)[0m
Processing by CafesController#index as HTML
  Rendering cafes/index.html.erb within layouts/application
  Rendered cafes/index.html.erb within layouts/application (Duration: 0.4ms | Allocations: 827)
Completed 500 Internal Server Error in 2ms (ActiveRecord: 0.0ms | Allocations: 1538)


  
ActionView::Template::Error (First argument in form cannot contain nil or be empty):
    1: <%= form_for @cafe do |f| %>
    2:   <%= f.label :body %>
    3:   <%= f.text_field :body , :size => 140 %>
    4:   <br>
  
app/views/cafes/index.html.erb:1
Started GET "/" for ::1 at 2020-02-22 14:59:20 +0900
Processing by CafesController#index as HTML
  Rendering cafes/index.html.erb within layouts/application
  Rendered cafes/index.html.erb within layouts/application (Duration: 0.6ms | Allocations: 866)
Completed 500 Internal Server Error in 2ms (ActiveRecord: 0.0ms | Allocations: 1419)


  
ActionView::Template::Error (First argument in form cannot contain nil or be empty):
    1: <%= form_for @cafe do |f| %>
    2:   <%= f.label :body %>
    3:   <%= f.text_field :body , :size => 140 %>
    4:   <br>
  
app/views/cafes/index.html.erb:1
Started GET "/" for ::1 at 2020-02-22 14:59:45 +0900
Processing by CafesController#index as HTML
  Rendering cafes/index.html.erb within layouts/application
  Rendered cafes/index.html.erb within layouts/application (Duration: 0.8ms | Allocations: 866)
Completed 500 Internal Server Error in 3ms (ActiveRecord: 0.0ms | Allocations: 1419)


  
ActionView::Template::Error (First argument in form cannot contain nil or be empty):
    1: <%= form_for @cafe do |f| %>
    2:   <%= f.label :body %>
    3:   <%= f.text_field :body , :size => 140 %>
    4:   <br>
  
app/views/cafes/index.html.erb:1
Started GET "/" for ::1 at 2020-02-22 15:02:45 +0900
Processing by CafesController#index as HTML
  Rendering cafes/index.html.erb within layouts/application
  Rendered cafes/index.html.erb within layouts/application (Duration: 2.2ms | Allocations: 1042)
Completed 500 Internal Server Error in 6ms (ActiveRecord: 0.0ms | Allocations: 2338)


  
ActionView::Template::Error (First argument in form cannot contain nil or be empty):
    1: <%= form_for @cafe do |f| %>
    2:   <%= f.label :body %>
    3:   <%= f.text_field :body , :size => 140 %>
    4:   <br>
  
app/views/cafes/index.html.erb:1
Started GET "/" for ::1 at 2020-02-22 15:02:46 +0900
Processing by CafesController#index as HTML
  Rendering cafes/index.html.erb within layouts/application
  Rendered cafes/index.html.erb within layouts/application (Duration: 0.5ms | Allocations: 866)
Completed 500 Internal Server Error in 3ms (ActiveRecord: 0.0ms | Allocations: 1420)


  
ActionView::Template::Error (First argument in form cannot contain nil or be empty):
    1: <%= form_for @cafe do |f| %>
    2:   <%= f.label :body %>
    3:   <%= f.text_field :body , :size => 140 %>
    4:   <br>
  
app/views/cafes/index.html.erb:1
Started GET "/" for ::1 at 2020-02-22 15:03:14 +0900
Processing by CafesController#index as HTML
  Rendering cafes/index.html.erb within layouts/application
  Rendered cafes/index.html.erb within layouts/application (Duration: 0.9ms | Allocations: 146)
[Webpacker] Everything's up-to-date. Nothing to do
Completed 200 OK in 38ms (Views: 35.9ms | ActiveRecord: 0.0ms | Allocations: 6207)


Started GET "/cafes/new" for ::1 at 2020-02-22 15:04:24 +0900
Processing by CafesController#new as HTML
  Rendering cafes/new.html.erb within layouts/application
  Rendered cafes/new.html.erb within layouts/application (Duration: 175.7ms | Allocations: 74647)
Completed 500 Internal Server Error in 233ms (ActiveRecord: 2.3ms | Allocations: 80768)


  
ActionView::Template::Error (undefined method `caves_path' for #<#<Class:0x00007fed353429f0>:0x00007fed305fcf38>
Did you mean?  cafes_path
               cafe_path):
    1: <h1>Recocafe</h1>
    2: <h3>CafeTweet</h3>
    3: <%= form_for @cafe do |f| %>
    4:   <div class="field">
    5:     <%= f.label :body %>
    6:     <%= f.text_field :body, :size => 140 %>
  
app/views/cafes/new.html.erb:3
Started GET "/cafes/new" for ::1 at 2020-02-22 15:08:20 +0900
Processing by CafesController#new as HTML
  Rendering cafes/new.html.erb within layouts/application
  Rendered cafes/new.html.erb within layouts/application (Duration: 205.1ms | Allocations: 74571)
Completed 500 Internal Server Error in 211ms (ActiveRecord: 0.0ms | Allocations: 75878)


  
ActionView::Template::Error (undefined method `caves_path' for #<#<Class:0x00007fed34f18050>:0x00007fed34f22730>
Did you mean?  cafes_path
               cafe_path):
    1: <h1>Recocafe</h1>
    2: <h3>CafeTweet</h3>
    3: <%= form_for @cafe do |t| %>
    4:   <div class="field">
    5:     <%= t.label :body %>
    6:     <%= t.text_field :body, :size => 140 %>
  
app/views/cafes/new.html.erb:3
Started GET "/cafes/new" for ::1 at 2020-02-22 15:08:22 +0900
Processing by CafesController#new as HTML
  Rendering cafes/new.html.erb within layouts/application
  Rendered cafes/new.html.erb within layouts/application (Duration: 169.6ms | Allocations: 74389)
Completed 500 Internal Server Error in 171ms (ActiveRecord: 0.0ms | Allocations: 74959)


  
ActionView::Template::Error (undefined method `caves_path' for #<#<Class:0x00007fed34f18050>:0x00007fed302aca68>
Did you mean?  cafes_path
               cafe_path):
    1: <h1>Recocafe</h1>
    2: <h3>CafeTweet</h3>
    3: <%= form_for @cafe do |t| %>
    4:   <div class="field">
    5:     <%= t.label :body %>
    6:     <%= t.text_field :body, :size => 140 %>
  
app/views/cafes/new.html.erb:3
Started GET "/cafes/new" for ::1 at 2020-02-22 15:09:51 +0900
  [1m[35m (0.1ms)[0m  [1m[34mSELECT sqlite_version(*)[0m
Processing by CafesController#new as HTML
  Rendering cafes/new.html.erb within layouts/application
  Rendered cafes/new.html.erb within layouts/application (Duration: 240.2ms | Allocations: 74587)
Completed 500 Internal Server Error in 251ms (ActiveRecord: 0.7ms | Allocations: 78936)


  
ActionView::Template::Error (undefined method `caves_path' for #<#<Class:0x00007fed33a69000>:0x00007fed33a73410>
Did you mean?  cafes_path
               cafe_path):
    1: <h1>Recocafe</h1>
    2: <h3>CafeTweet</h3>
    3: <%= form_for @cafe do |f| %>
    4:   <div class="field">
    5:     <%= f.label :body %>
    6:     <%= f.text_field :body, :size => 140 %>
  
app/views/cafes/new.html.erb:3
Started GET "/cafes/new" for ::1 at 2020-02-22 15:10:13 +0900
  [1m[35m (0.1ms)[0m  [1m[34mSELECT sqlite_version(*)[0m
Processing by CafesController#new as HTML
  Rendering cafes/new.html.erb within layouts/application
  Rendered cafes/new.html.erb within layouts/application (Duration: 299.7ms | Allocations: 74446)
Completed 500 Internal Server Error in 312ms (ActiveRecord: 1.1ms | Allocations: 78182)


  
ActionView::Template::Error (undefined method `caves_path' for #<#<Class:0x00007fed34e52030>:0x00007fed34e50780>
Did you mean?  cafes_path
               cafe_path):
    1: <h1>Recocafe</h1>
    2: <h3>CafeTweet</h3>
    3: <%= form_for @cafe do |f| %>
    4:   <div class="field">
    5:     <%= f.label :body %>
    6:     <%= f.text_field :body, :size => 140 %>
  
app/views/cafes/new.html.erb:3
Started GET "/cafes/new" for ::1 at 2020-02-22 15:10:29 +0900
Processing by CafesController#new as HTML
  Rendering cafes/new.html.erb within layouts/application
  Rendered cafes/new.html.erb within layouts/application (Duration: 1.1ms | Allocations: 141)
[Webpacker] Everything's up-to-date. Nothing to do
Completed 200 OK in 29ms (Views: 27.1ms | ActiveRecord: 0.0ms | Allocations: 6179)


Started GET "/cafes/new" for ::1 at 2020-02-22 15:16:27 +0900
  [1m[35m (0.3ms)[0m  [1m[34mSELECT sqlite_version(*)[0m
Processing by CafesController#new as HTML
  Rendering cafes/new.html.erb within layouts/application
  Rendered cafes/new.html.erb within layouts/application (Duration: 246.5ms | Allocations: 74578)
Completed 500 Internal Server Error in 255ms (ActiveRecord: 0.0ms | Allocations: 75886)


  
ActionView::Template::Error (undefined method `caves_path' for #<#<Class:0x00007fed2ffd9408>:0x00007fed2ffe3b10>
Did you mean?  cafes_path
               cafe_path):
    1: 
    2: <h1>GeekTwitter</h1>
    3: <h3>新規Tweet</h3>
    4: <%= form_for @cafe do |f| %>
    5:   <div class="field">
    6:     <%= f.label :body %>
    7:     <%= f.text_field :body, :size => 140 %>
  
app/views/cafes/new.html.erb:4
Started GET "/cafes/new" for ::1 at 2020-02-22 15:22:27 +0900
  [1m[35m (0.1ms)[0m  [1m[34mSELECT sqlite_version(*)[0m
Processing by CafesController#new as HTML
  Rendering cafes/new.html.erb within layouts/application
  Rendered cafes/new.html.erb within layouts/application (Duration: 178.5ms | Allocations: 74386)
Completed 500 Internal Server Error in 180ms (ActiveRecord: 0.0ms | Allocations: 74957)


  
ActionView::Template::Error (undefined method `caves_path' for #<#<Class:0x00007fed2ffd9408>:0x00007fed33a62b38>
Did you mean?  cafes_path
               cafe_path):
    1: 
    2: <h1>GeekTwitter</h1>
    3: <h3>新規Tweet</h3>
    4: <%= form_for @cafe do |f| %>
    5:   <div class="field">
    6:     <%= f.label :body %>
    7:     <%= f.text_field :body, :size => 140 %>
  
app/views/cafes/new.html.erb:4
Started GET "/cafes/new" for ::1 at 2020-02-22 15:22:30 +0900
Processing by CafesController#new as HTML
  Rendering cafes/new.html.erb within layouts/application
  Rendered cafes/new.html.erb within layouts/application (Duration: 183.3ms | Allocations: 74386)
Completed 500 Internal Server Error in 185ms (ActiveRecord: 0.0ms | Allocations: 74957)


  
ActionView::Template::Error (undefined method `caves_path' for #<#<Class:0x00007fed2ffd9408>:0x00007fed34dca748>
Did you mean?  cafes_path
               cafe_path):
    1: 
    2: <h1>GeekTwitter</h1>
    3: <h3>新規Tweet</h3>
    4: <%= form_for @cafe do |f| %>
    5:   <div class="field">
    6:     <%= f.label :body %>
    7:     <%= f.text_field :body, :size => 140 %>
  
app/views/cafes/new.html.erb:4
Started GET "/cafes/new" for ::1 at 2020-02-22 15:22:33 +0900
Processing by CafesController#new as HTML
  Rendering cafes/new.html.erb within layouts/application
  Rendered cafes/new.html.erb within layouts/application (Duration: 0.3ms | Allocations: 71)
[Webpacker] Everything's up-to-date. Nothing to do
Completed 200 OK in 35ms (Views: 31.8ms | ActiveRecord: 0.0ms | Allocations: 6115)


Started GET "/cafes/new" for ::1 at 2020-02-22 15:23:20 +0900
Processing by CafesController#new as HTML
  Rendering cafes/new.html.erb within layouts/application
  Rendered cafes/new.html.erb within layouts/application (Duration: 1.1ms | Allocations: 80)
[Webpacker] Everything's up-to-date. Nothing to do
Completed 200 OK in 30ms (Views: 27.3ms | ActiveRecord: 0.0ms | Allocations: 6138)


Started GET "/cafes" for ::1 at 2020-02-22 15:23:44 +0900
Processing by CafesController#index as HTML
  Rendering cafes/index.html.erb within layouts/application
  Rendered cafes/index.html.erb within layouts/application (Duration: 0.5ms | Allocations: 71)
[Webpacker] Everything's up-to-date. Nothing to do
Completed 200 OK in 25ms (Views: 23.0ms | ActiveRecord: 0.0ms | Allocations: 6099)


Started GET "/cafes" for ::1 at 2020-02-22 15:32:10 +0900
  [1m[35m (0.1ms)[0m  [1m[34mSELECT sqlite_version(*)[0m
Processing by CafesController#index as HTML
  Rendering cafes/index.html.erb within layouts/application
  Rendered cafes/index.html.erb within layouts/application (Duration: 0.9ms | Allocations: 336)
[Webpacker] Everything's up-to-date. Nothing to do
Completed 200 OK in 34ms (Views: 32.6ms | ActiveRecord: 0.0ms | Allocations: 6352)


Started GET "/docs/4.4/dist/css/bootstrap.min.css" for ::1 at 2020-02-22 15:32:10 +0900
Started GET "/album.css" for ::1 at 2020-02-22 15:32:10 +0900
  [1m[35m (0.1ms)[0m  [1m[34mSELECT sqlite_version(*)[0m
  
ActionController::RoutingError (No route matches [GET] "/album.css"):
  
actionpack (6.0.2.1) lib/action_dispatch/middleware/debug_exceptions.rb:36:in `call'
web-console (4.0.1) lib/web_console/middleware.rb:132:in `call_app'
web-console (4.0.1) lib/web_console/middleware.rb:28:in `block in call'
web-console (4.0.1) lib/web_console/middleware.rb:17:in `catch'
web-console (4.0.1) lib/web_console/middleware.rb:17:in `call'
actionpack (6.0.2.1) lib/action_dispatch/middleware/show_exceptions.rb:33:in `call'
railties (6.0.2.1) lib/rails/rack/logger.rb:38:in `call_app'
railties (6.0.2.1) lib/rails/rack/logger.rb:26:in `block in call'
activesupport (6.0.2.1) lib/active_support/tagged_logging.rb:80:in `block in tagged'
activesupport (6.0.2.1) lib/active_support/tagged_logging.rb:28:in `tagged'
activesupport (6.0.2.1) lib/active_support/tagged_logging.rb:80:in `tagged'
railties (6.0.2.1) lib/rails/rack/logger.rb:26:in `call'
sprockets-rails (3.2.1) lib/sprockets/rails/quiet_assets.rb:13:in `call'
actionpack (6.0.2.1) lib/action_dispatch/middleware/remote_ip.rb:81:in `call'
actionpack (6.0.2.1) lib/action_dispatch/middleware/request_id.rb:27:in `call'
rack (2.2.2) lib/rack/method_override.rb:24:in `call'
rack (2.2.2) lib/rack/runtime.rb:22:in `call'
activesupport (6.0.2.1) lib/active_support/cache/strategy/local_cache_middleware.rb:29:in `call'
actionpack (6.0.2.1) lib/action_dispatch/middleware/executor.rb:14:in `call'
actionpack (6.0.2.1) lib/action_dispatch/middleware/static.rb:126:in `call'
rack (2.2.2) lib/rack/sendfile.rb:110:in `call'
actionpack (6.0.2.1) lib/action_dispatch/middleware/host_authorization.rb:83:in `call'
webpacker (4.2.2) lib/webpacker/dev_server_proxy.rb:23:in `perform_request'
rack-proxy (0.6.5) lib/rack/proxy.rb:57:in `call'
railties (6.0.2.1) lib/rails/engine.rb:526:in `call'
puma (3.12.2) lib/puma/configuration.rb:227:in `call'
puma (3.12.2) lib/puma/server.rb:674:in `handle_request'
puma (3.12.2) lib/puma/server.rb:476:in `process_client'
puma (3.12.2) lib/puma/server.rb:334:in `block in run'
puma (3.12.2) lib/puma/thread_pool.rb:135:in `block in spawn_thread'
  
ActionController::RoutingError (No route matches [GET] "/docs/4.4/dist/css/bootstrap.min.css"):
  
actionpack (6.0.2.1) lib/action_dispatch/middleware/debug_exceptions.rb:36:in `call'
web-console (4.0.1) lib/web_console/middleware.rb:132:in `call_app'
web-console (4.0.1) lib/web_console/middleware.rb:28:in `block in call'
web-console (4.0.1) lib/web_console/middleware.rb:17:in `catch'
web-console (4.0.1) lib/web_console/middleware.rb:17:in `call'
actionpack (6.0.2.1) lib/action_dispatch/middleware/show_exceptions.rb:33:in `call'
railties (6.0.2.1) lib/rails/rack/logger.rb:38:in `call_app'
railties (6.0.2.1) lib/rails/rack/logger.rb:26:in `block in call'
activesupport (6.0.2.1) lib/active_support/tagged_logging.rb:80:in `block in tagged'
activesupport (6.0.2.1) lib/active_support/tagged_logging.rb:28:in `tagged'
activesupport (6.0.2.1) lib/active_support/tagged_logging.rb:80:in `tagged'
railties (6.0.2.1) lib/rails/rack/logger.rb:26:in `call'
sprockets-rails (3.2.1) lib/sprockets/rails/quiet_assets.rb:13:in `call'
actionpack (6.0.2.1) lib/action_dispatch/middleware/remote_ip.rb:81:in `call'
actionpack (6.0.2.1) lib/action_dispatch/middleware/request_id.rb:27:in `call'
rack (2.2.2) lib/rack/method_override.rb:24:in `call'
rack (2.2.2) lib/rack/runtime.rb:22:in `call'
activesupport (6.0.2.1) lib/active_support/cache/strategy/local_cache_middleware.rb:29:in `call'
actionpack (6.0.2.1) lib/action_dispatch/middleware/executor.rb:14:in `call'
actionpack (6.0.2.1) lib/action_dispatch/middleware/static.rb:126:in `call'
rack (2.2.2) lib/rack/sendfile.rb:110:in `call'
actionpack (6.0.2.1) lib/action_dispatch/middleware/host_authorization.rb:83:in `call'
webpacker (4.2.2) lib/webpacker/dev_server_proxy.rb:23:in `perform_request'
rack-proxy (0.6.5) lib/rack/proxy.rb:57:in `call'
railties (6.0.2.1) lib/rails/engine.rb:526:in `call'
puma (3.12.2) lib/puma/configuration.rb:227:in `call'
puma (3.12.2) lib/puma/server.rb:674:in `handle_request'
puma (3.12.2) lib/puma/server.rb:476:in `process_client'
puma (3.12.2) lib/puma/server.rb:334:in `block in run'
puma (3.12.2) lib/puma/thread_pool.rb:135:in `block in spawn_thread'
Started GET "/docs/4.4/dist/js/bootstrap.bundle.min.js" for ::1 at 2020-02-22 15:32:11 +0900
  [1m[35m (0.1ms)[0m  [1m[34mSELECT sqlite_version(*)[0m
  
ActionController::RoutingError (No route matches [GET] "/docs/4.4/dist/js/bootstrap.bundle.min.js"):
  
actionpack (6.0.2.1) lib/action_dispatch/middleware/debug_exceptions.rb:36:in `call'
web-console (4.0.1) lib/web_console/middleware.rb:132:in `call_app'
web-console (4.0.1) lib/web_console/middleware.rb:28:in `block in call'
web-console (4.0.1) lib/web_console/middleware.rb:17:in `catch'
web-console (4.0.1) lib/web_console/middleware.rb:17:in `call'
actionpack (6.0.2.1) lib/action_dispatch/middleware/show_exceptions.rb:33:in `call'
railties (6.0.2.1) lib/rails/rack/logger.rb:38:in `call_app'
railties (6.0.2.1) lib/rails/rack/logger.rb:26:in `block in call'
activesupport (6.0.2.1) lib/active_support/tagged_logging.rb:80:in `block in tagged'
activesupport (6.0.2.1) lib/active_support/tagged_logging.rb:28:in `tagged'
activesupport (6.0.2.1) lib/active_support/tagged_logging.rb:80:in `tagged'
railties (6.0.2.1) lib/rails/rack/logger.rb:26:in `call'
sprockets-rails (3.2.1) lib/sprockets/rails/quiet_assets.rb:13:in `call'
actionpack (6.0.2.1) lib/action_dispatch/middleware/remote_ip.rb:81:in `call'
actionpack (6.0.2.1) lib/action_dispatch/middleware/request_id.rb:27:in `call'
rack (2.2.2) lib/rack/method_override.rb:24:in `call'
rack (2.2.2) lib/rack/runtime.rb:22:in `call'
activesupport (6.0.2.1) lib/active_support/cache/strategy/local_cache_middleware.rb:29:in `call'
actionpack (6.0.2.1) lib/action_dispatch/middleware/executor.rb:14:in `call'
actionpack (6.0.2.1) lib/action_dispatch/middleware/static.rb:126:in `call'
rack (2.2.2) lib/rack/sendfile.rb:110:in `call'
actionpack (6.0.2.1) lib/action_dispatch/middleware/host_authorization.rb:83:in `call'
webpacker (4.2.2) lib/webpacker/dev_server_proxy.rb:23:in `perform_request'
rack-proxy (0.6.5) lib/rack/proxy.rb:57:in `call'
railties (6.0.2.1) lib/rails/engine.rb:526:in `call'
puma (3.12.2) lib/puma/configuration.rb:227:in `call'
puma (3.12.2) lib/puma/server.rb:674:in `handle_request'
puma (3.12.2) lib/puma/server.rb:476:in `process_client'
puma (3.12.2) lib/puma/server.rb:334:in `block in run'
puma (3.12.2) lib/puma/thread_pool.rb:135:in `block in spawn_thread'
Started GET "/docs/4.4/dist/js/bootstrap.bundle.min.js" for ::1 at 2020-02-22 15:32:11 +0900
  
ActionController::RoutingError (No route matches [GET] "/docs/4.4/dist/js/bootstrap.bundle.min.js"):
  
actionpack (6.0.2.1) lib/action_dispatch/middleware/debug_exceptions.rb:36:in `call'
web-console (4.0.1) lib/web_console/middleware.rb:132:in `call_app'
web-console (4.0.1) lib/web_console/middleware.rb:28:in `block in call'
web-console (4.0.1) lib/web_console/middleware.rb:17:in `catch'
web-console (4.0.1) lib/web_console/middleware.rb:17:in `call'
actionpack (6.0.2.1) lib/action_dispatch/middleware/show_exceptions.rb:33:in `call'
railties (6.0.2.1) lib/rails/rack/logger.rb:38:in `call_app'
railties (6.0.2.1) lib/rails/rack/logger.rb:26:in `block in call'
activesupport (6.0.2.1) lib/active_support/tagged_logging.rb:80:in `block in tagged'
activesupport (6.0.2.1) lib/active_support/tagged_logging.rb:28:in `tagged'
activesupport (6.0.2.1) lib/active_support/tagged_logging.rb:80:in `tagged'
railties (6.0.2.1) lib/rails/rack/logger.rb:26:in `call'
sprockets-rails (3.2.1) lib/sprockets/rails/quiet_assets.rb:13:in `call'
actionpack (6.0.2.1) lib/action_dispatch/middleware/remote_ip.rb:81:in `call'
actionpack (6.0.2.1) lib/action_dispatch/middleware/request_id.rb:27:in `call'
rack (2.2.2) lib/rack/method_override.rb:24:in `call'
rack (2.2.2) lib/rack/runtime.rb:22:in `call'
activesupport (6.0.2.1) lib/active_support/cache/strategy/local_cache_middleware.rb:29:in `call'
actionpack (6.0.2.1) lib/action_dispatch/middleware/executor.rb:14:in `call'
actionpack (6.0.2.1) lib/action_dispatch/middleware/static.rb:126:in `call'
rack (2.2.2) lib/rack/sendfile.rb:110:in `call'
actionpack (6.0.2.1) lib/action_dispatch/middleware/host_authorization.rb:83:in `call'
webpacker (4.2.2) lib/webpacker/dev_server_proxy.rb:23:in `perform_request'
rack-proxy (0.6.5) lib/rack/proxy.rb:57:in `call'
railties (6.0.2.1) lib/rails/engine.rb:526:in `call'
puma (3.12.2) lib/puma/configuration.rb:227:in `call'
puma (3.12.2) lib/puma/server.rb:674:in `handle_request'
puma (3.12.2) lib/puma/server.rb:476:in `process_client'
puma (3.12.2) lib/puma/server.rb:334:in `block in run'
puma (3.12.2) lib/puma/thread_pool.rb:135:in `block in spawn_thread'
Started GET "/cafes" for ::1 at 2020-02-22 15:33:17 +0900
Processing by CafesController#index as HTML
  Rendering cafes/index.html.erb within layouts/application
  Rendered cafes/index.html.erb within layouts/application (Duration: 2.5ms | Allocations: 773)
[Webpacker] Everything's up-to-date. Nothing to do
Completed 200 OK in 27ms (Views: 25.0ms | ActiveRecord: 0.0ms | Allocations: 6793)


Started GET "/cafes" for ::1 at 2020-02-22 15:37:10 +0900
Processing by CafesController#index as HTML
  Rendering cafes/index.html.erb within layouts/application
  Rendered cafes/index.html.erb within layouts/application (Duration: 2.5ms | Allocations: 778)
[Webpacker] Everything's up-to-date. Nothing to do
Completed 200 OK in 33ms (Views: 30.5ms | ActiveRecord: 0.0ms | Allocations: 6821)


Started GET "/cafes" for ::1 at 2020-02-22 15:38:09 +0900
Processing by CafesController#index as HTML
  Rendering cafes/index.html.erb within layouts/application
  Rendered cafes/index.html.erb within layouts/application (Duration: 2.4ms | Allocations: 773)
[Webpacker] Everything's up-to-date. Nothing to do
Completed 200 OK in 28ms (Views: 26.4ms | ActiveRecord: 0.0ms | Allocations: 6835)


Started GET "/cafes" for ::1 at 2020-02-22 15:46:35 +0900
  [1m[35m (0.2ms)[0m  [1m[34mSELECT sqlite_version(*)[0m
Processing by CafesController#index as HTML
  Rendering cafes/index.html.erb within layouts/application
  Rendered cafes/index.html.erb within layouts/application (Duration: 0.2ms | Allocations: 4)
[Webpacker] Everything's up-to-date. Nothing to do
Completed 200 OK in 27ms (Views: 25.2ms | ActiveRecord: 0.0ms | Allocations: 5130)


Started GET "/cafes" for ::1 at 2020-02-22 15:46:36 +0900
Processing by CafesController#index as HTML
  Rendering cafes/index.html.erb within layouts/application
  Rendered cafes/index.html.erb within layouts/application (Duration: 0.1ms | Allocations: 4)
[Webpacker] Everything's up-to-date. Nothing to do
Completed 200 OK in 13ms (Views: 11.0ms | ActiveRecord: 0.0ms | Allocations: 5142)


Started GET "/cafes" for ::1 at 2020-02-22 15:46:50 +0900
Processing by CafesController#index as HTML
  Rendering cafes/index.html.erb within layouts/application
  Rendered cafes/index.html.erb within layouts/application (Duration: 2.5ms | Allocations: 773)
[Webpacker] Everything's up-to-date. Nothing to do
Completed 200 OK in 28ms (Views: 26.0ms | ActiveRecord: 0.0ms | Allocations: 6828)


Started GET "/cafes" for ::1 at 2020-02-22 16:17:19 +0900
  [1m[35m (0.7ms)[0m  [1m[34mSELECT sqlite_version(*)[0m
Processing by CafesController#index as HTML
  Rendering cafes/index.html.erb within layouts/application
  Rendered cafes/index.html.erb within layouts/application (Duration: 0.6ms | Allocations: 4)
[Webpacker] Everything's up-to-date. Nothing to do
Completed 200 OK in 53ms (Views: 49.0ms | ActiveRecord: 0.0ms | Allocations: 5126)


Started GET "/cafes" for ::1 at 2020-02-22 16:17:26 +0900
Processing by CafesController#index as HTML
  Rendering cafes/index.html.erb within layouts/application
  Rendered cafes/index.html.erb within layouts/application (Duration: 0.1ms | Allocations: 4)
[Webpacker] Everything's up-to-date. Nothing to do
Completed 200 OK in 30ms (Views: 27.7ms | ActiveRecord: 0.0ms | Allocations: 5135)


Started GET "/cafes" for ::1 at 2020-02-22 16:19:03 +0900
Processing by CafesController#index as HTML
  Rendering cafes/index.html.erb within layouts/application
  Rendered cafes/index.html.erb within layouts/application (Duration: 3.9ms | Allocations: 773)
[Webpacker] Everything's up-to-date. Nothing to do
Completed 200 OK in 40ms (Views: 35.6ms | ActiveRecord: 0.0ms | Allocations: 6817)


Started GET "/cafes" for ::1 at 2020-02-22 16:19:29 +0900
Processing by CafesController#index as HTML
  Rendering cafes/index.html.erb within layouts/application
  Rendered cafes/index.html.erb within layouts/application (Duration: 2.2ms | Allocations: 772)
[Webpacker] Everything's up-to-date. Nothing to do
Completed 200 OK in 45ms (Views: 41.6ms | ActiveRecord: 0.0ms | Allocations: 6803)


Started GET "/cafes" for ::1 at 2020-02-22 16:21:20 +0900
Processing by CafesController#index as HTML
  Rendering cafes/index.html.erb within layouts/application
  Rendered cafes/index.html.erb within layouts/application (Duration: 3.2ms | Allocations: 756)
[Webpacker] Everything's up-to-date. Nothing to do
Completed 200 OK in 59ms (Views: 56.3ms | ActiveRecord: 0.0ms | Allocations: 6812)


Started GET "/undefined" for ::1 at 2020-02-22 16:21:21 +0900
  
ActionController::RoutingError (No route matches [GET] "/undefined"):
  
actionpack (6.0.2.1) lib/action_dispatch/middleware/debug_exceptions.rb:36:in `call'
web-console (4.0.1) lib/web_console/middleware.rb:132:in `call_app'
web-console (4.0.1) lib/web_console/middleware.rb:28:in `block in call'
web-console (4.0.1) lib/web_console/middleware.rb:17:in `catch'
web-console (4.0.1) lib/web_console/middleware.rb:17:in `call'
actionpack (6.0.2.1) lib/action_dispatch/middleware/show_exceptions.rb:33:in `call'
railties (6.0.2.1) lib/rails/rack/logger.rb:38:in `call_app'
railties (6.0.2.1) lib/rails/rack/logger.rb:26:in `block in call'
activesupport (6.0.2.1) lib/active_support/tagged_logging.rb:80:in `block in tagged'
activesupport (6.0.2.1) lib/active_support/tagged_logging.rb:28:in `tagged'
activesupport (6.0.2.1) lib/active_support/tagged_logging.rb:80:in `tagged'
railties (6.0.2.1) lib/rails/rack/logger.rb:26:in `call'
sprockets-rails (3.2.1) lib/sprockets/rails/quiet_assets.rb:13:in `call'
actionpack (6.0.2.1) lib/action_dispatch/middleware/remote_ip.rb:81:in `call'
actionpack (6.0.2.1) lib/action_dispatch/middleware/request_id.rb:27:in `call'
rack (2.2.2) lib/rack/method_override.rb:24:in `call'
rack (2.2.2) lib/rack/runtime.rb:22:in `call'
activesupport (6.0.2.1) lib/active_support/cache/strategy/local_cache_middleware.rb:29:in `call'
actionpack (6.0.2.1) lib/action_dispatch/middleware/executor.rb:14:in `call'
actionpack (6.0.2.1) lib/action_dispatch/middleware/static.rb:126:in `call'
rack (2.2.2) lib/rack/sendfile.rb:110:in `call'
actionpack (6.0.2.1) lib/action_dispatch/middleware/host_authorization.rb:83:in `call'
webpacker (4.2.2) lib/webpacker/dev_server_proxy.rb:23:in `perform_request'
rack-proxy (0.6.5) lib/rack/proxy.rb:57:in `call'
railties (6.0.2.1) lib/rails/engine.rb:526:in `call'
puma (3.12.2) lib/puma/configuration.rb:227:in `call'
puma (3.12.2) lib/puma/server.rb:674:in `handle_request'
puma (3.12.2) lib/puma/server.rb:476:in `process_client'
puma (3.12.2) lib/puma/server.rb:334:in `block in run'
puma (3.12.2) lib/puma/thread_pool.rb:135:in `block in spawn_thread'
Started GET "/cafes" for ::1 at 2020-02-22 16:21:56 +0900
Processing by CafesController#index as HTML
  Rendering cafes/index.html.erb within layouts/application
  Rendered cafes/index.html.erb within layouts/application (Duration: 3.3ms | Allocations: 756)
[Webpacker] Everything's up-to-date. Nothing to do
Completed 200 OK in 25ms (Views: 22.4ms | ActiveRecord: 0.0ms | Allocations: 6817)


Started GET "/undefined" for ::1 at 2020-02-22 16:21:56 +0900
  
ActionController::RoutingError (No route matches [GET] "/undefined"):
  
actionpack (6.0.2.1) lib/action_dispatch/middleware/debug_exceptions.rb:36:in `call'
web-console (4.0.1) lib/web_console/middleware.rb:132:in `call_app'
web-console (4.0.1) lib/web_console/middleware.rb:28:in `block in call'
web-console (4.0.1) lib/web_console/middleware.rb:17:in `catch'
web-console (4.0.1) lib/web_console/middleware.rb:17:in `call'
actionpack (6.0.2.1) lib/action_dispatch/middleware/show_exceptions.rb:33:in `call'
railties (6.0.2.1) lib/rails/rack/logger.rb:38:in `call_app'
railties (6.0.2.1) lib/rails/rack/logger.rb:26:in `block in call'
activesupport (6.0.2.1) lib/active_support/tagged_logging.rb:80:in `block in tagged'
activesupport (6.0.2.1) lib/active_support/tagged_logging.rb:28:in `tagged'
activesupport (6.0.2.1) lib/active_support/tagged_logging.rb:80:in `tagged'
railties (6.0.2.1) lib/rails/rack/logger.rb:26:in `call'
sprockets-rails (3.2.1) lib/sprockets/rails/quiet_assets.rb:13:in `call'
actionpack (6.0.2.1) lib/action_dispatch/middleware/remote_ip.rb:81:in `call'
actionpack (6.0.2.1) lib/action_dispatch/middleware/request_id.rb:27:in `call'
rack (2.2.2) lib/rack/method_override.rb:24:in `call'
rack (2.2.2) lib/rack/runtime.rb:22:in `call'
activesupport (6.0.2.1) lib/active_support/cache/strategy/local_cache_middleware.rb:29:in `call'
actionpack (6.0.2.1) lib/action_dispatch/middleware/executor.rb:14:in `call'
actionpack (6.0.2.1) lib/action_dispatch/middleware/static.rb:126:in `call'
rack (2.2.2) lib/rack/sendfile.rb:110:in `call'
actionpack (6.0.2.1) lib/action_dispatch/middleware/host_authorization.rb:83:in `call'
webpacker (4.2.2) lib/webpacker/dev_server_proxy.rb:23:in `perform_request'
rack-proxy (0.6.5) lib/rack/proxy.rb:57:in `call'
railties (6.0.2.1) lib/rails/engine.rb:526:in `call'
puma (3.12.2) lib/puma/configuration.rb:227:in `call'
puma (3.12.2) lib/puma/server.rb:674:in `handle_request'
puma (3.12.2) lib/puma/server.rb:476:in `process_client'
puma (3.12.2) lib/puma/server.rb:334:in `block in run'
puma (3.12.2) lib/puma/thread_pool.rb:135:in `block in spawn_thread'
Started GET "/cafes" for ::1 at 2020-02-22 16:22:20 +0900
Processing by CafesController#index as HTML
  Rendering cafes/index.html.erb within layouts/application
  Rendered cafes/index.html.erb within layouts/application (Duration: 2.4ms | Allocations: 756)
[Webpacker] Everything's up-to-date. Nothing to do
Completed 200 OK in 27ms (Views: 24.2ms | ActiveRecord: 0.0ms | Allocations: 6815)


Started GET "/undefined" for ::1 at 2020-02-22 16:22:20 +0900
  
ActionController::RoutingError (No route matches [GET] "/undefined"):
  
actionpack (6.0.2.1) lib/action_dispatch/middleware/debug_exceptions.rb:36:in `call'
web-console (4.0.1) lib/web_console/middleware.rb:132:in `call_app'
web-console (4.0.1) lib/web_console/middleware.rb:28:in `block in call'
web-console (4.0.1) lib/web_console/middleware.rb:17:in `catch'
web-console (4.0.1) lib/web_console/middleware.rb:17:in `call'
actionpack (6.0.2.1) lib/action_dispatch/middleware/show_exceptions.rb:33:in `call'
railties (6.0.2.1) lib/rails/rack/logger.rb:38:in `call_app'
railties (6.0.2.1) lib/rails/rack/logger.rb:26:in `block in call'
activesupport (6.0.2.1) lib/active_support/tagged_logging.rb:80:in `block in tagged'
activesupport (6.0.2.1) lib/active_support/tagged_logging.rb:28:in `tagged'
activesupport (6.0.2.1) lib/active_support/tagged_logging.rb:80:in `tagged'
railties (6.0.2.1) lib/rails/rack/logger.rb:26:in `call'
sprockets-rails (3.2.1) lib/sprockets/rails/quiet_assets.rb:13:in `call'
actionpack (6.0.2.1) lib/action_dispatch/middleware/remote_ip.rb:81:in `call'
actionpack (6.0.2.1) lib/action_dispatch/middleware/request_id.rb:27:in `call'
rack (2.2.2) lib/rack/method_override.rb:24:in `call'
rack (2.2.2) lib/rack/runtime.rb:22:in `call'
activesupport (6.0.2.1) lib/active_support/cache/strategy/local_cache_middleware.rb:29:in `call'
actionpack (6.0.2.1) lib/action_dispatch/middleware/executor.rb:14:in `call'
actionpack (6.0.2.1) lib/action_dispatch/middleware/static.rb:126:in `call'
rack (2.2.2) lib/rack/sendfile.rb:110:in `call'
actionpack (6.0.2.1) lib/action_dispatch/middleware/host_authorization.rb:83:in `call'
webpacker (4.2.2) lib/webpacker/dev_server_proxy.rb:23:in `perform_request'
rack-proxy (0.6.5) lib/rack/proxy.rb:57:in `call'
railties (6.0.2.1) lib/rails/engine.rb:526:in `call'
puma (3.12.2) lib/puma/configuration.rb:227:in `call'
puma (3.12.2) lib/puma/server.rb:674:in `handle_request'
puma (3.12.2) lib/puma/server.rb:476:in `process_client'
puma (3.12.2) lib/puma/server.rb:334:in `block in run'
puma (3.12.2) lib/puma/thread_pool.rb:135:in `block in spawn_thread'
Started GET "/cafes" for ::1 at 2020-02-22 16:23:49 +0900
Processing by CafesController#index as HTML
  Rendering cafes/index.html.erb within layouts/application
  Rendered cafes/index.html.erb within layouts/application (Duration: 1.9ms | Allocations: 757)
[Webpacker] Everything's up-to-date. Nothing to do
Completed 200 OK in 35ms (Views: 33.2ms | ActiveRecord: 0.0ms | Allocations: 6809)


Started GET "/undefined" for ::1 at 2020-02-22 16:23:50 +0900
  
ActionController::RoutingError (No route matches [GET] "/undefined"):
  
actionpack (6.0.2.1) lib/action_dispatch/middleware/debug_exceptions.rb:36:in `call'
web-console (4.0.1) lib/web_console/middleware.rb:132:in `call_app'
web-console (4.0.1) lib/web_console/middleware.rb:28:in `block in call'
web-console (4.0.1) lib/web_console/middleware.rb:17:in `catch'
web-console (4.0.1) lib/web_console/middleware.rb:17:in `call'
actionpack (6.0.2.1) lib/action_dispatch/middleware/show_exceptions.rb:33:in `call'
railties (6.0.2.1) lib/rails/rack/logger.rb:38:in `call_app'
railties (6.0.2.1) lib/rails/rack/logger.rb:26:in `block in call'
activesupport (6.0.2.1) lib/active_support/tagged_logging.rb:80:in `block in tagged'
activesupport (6.0.2.1) lib/active_support/tagged_logging.rb:28:in `tagged'
activesupport (6.0.2.1) lib/active_support/tagged_logging.rb:80:in `tagged'
railties (6.0.2.1) lib/rails/rack/logger.rb:26:in `call'
sprockets-rails (3.2.1) lib/sprockets/rails/quiet_assets.rb:13:in `call'
actionpack (6.0.2.1) lib/action_dispatch/middleware/remote_ip.rb:81:in `call'
actionpack (6.0.2.1) lib/action_dispatch/middleware/request_id.rb:27:in `call'
rack (2.2.2) lib/rack/method_override.rb:24:in `call'
rack (2.2.2) lib/rack/runtime.rb:22:in `call'
activesupport (6.0.2.1) lib/active_support/cache/strategy/local_cache_middleware.rb:29:in `call'
actionpack (6.0.2.1) lib/action_dispatch/middleware/executor.rb:14:in `call'
actionpack (6.0.2.1) lib/action_dispatch/middleware/static.rb:126:in `call'
rack (2.2.2) lib/rack/sendfile.rb:110:in `call'
actionpack (6.0.2.1) lib/action_dispatch/middleware/host_authorization.rb:83:in `call'
webpacker (4.2.2) lib/webpacker/dev_server_proxy.rb:23:in `perform_request'
rack-proxy (0.6.5) lib/rack/proxy.rb:57:in `call'
railties (6.0.2.1) lib/rails/engine.rb:526:in `call'
puma (3.12.2) lib/puma/configuration.rb:227:in `call'
puma (3.12.2) lib/puma/server.rb:674:in `handle_request'
puma (3.12.2) lib/puma/server.rb:476:in `process_client'
puma (3.12.2) lib/puma/server.rb:334:in `block in run'
puma (3.12.2) lib/puma/thread_pool.rb:135:in `block in spawn_thread'
